SF:lib/core/error/failures.dart
DA:5,1
DA:7,0
DA:8,0
DA:14,1
DA:16,1
DA:23,2
DA:25,0
DA:26,0
LF:8
LH:4
end_of_record
SF:lib/features/auth/domain/enitities/auth_entity.dart
DA:13,1
DA:24,1
DA:25,9
LF:3
LH:3
end_of_record
SF:lib/features/auth/domain/usecases/register_usecase.dart
DA:19,2
DA:26,1
DA:28,6
DA:32,3
DA:33,0
DA:34,0
DA:39,1
DA:43,1
DA:45,1
DA:46,1
DA:47,1
DA:48,1
DA:49,1
DA:50,1
DA:52,2
LF:15
LH:13
end_of_record
SF:lib/core/services/image_picker/image_picker_service.dart
DA:6,4
DA:7,2
DA:8,1
DA:15,1
DA:19,0
DA:20,0
DA:24,0
DA:31,0
DA:38,0
DA:39,0
DA:43,0
DA:50,0
LF:12
LH:4
end_of_record
SF:lib/core/services/permission/permission_service.dart
DA:4,4
DA:5,1
DA:10,0
DA:11,0
DA:12,0
DA:16,0
DA:17,0
DA:18,0
DA:22,0
DA:23,0
DA:27,0
DA:28,0
DA:32,0
DA:33,0
LF:14
LH:2
end_of_record
SF:lib/features/auth/domain/usecases/logout_usecase.dart
DA:9,3
DA:10,0
DA:11,0
DA:17,0
DA:20,0
DA:22,0
LF:6
LH:1
end_of_record
SF:lib/features/auth/data/repositories/auth_repository.dart
DA:15,0
DA:16,0
DA:17,0
DA:18,0
DA:19,0
DA:34,0
DA:42,0
DA:46,0
DA:48,0
DA:49,0
DA:53,0
DA:57,0
DA:62,0
DA:64,0
DA:66,0
DA:67,0
DA:70,0
DA:71,0
DA:72,0
DA:73,0
DA:74,0
DA:78,0
DA:82,0
DA:84,0
DA:85,0
DA:91,0
DA:96,0
DA:99,0
DA:105,0
DA:109,0
DA:111,0
DA:114,0
DA:115,0
DA:117,0
DA:118,0
DA:119,0
DA:120,0
DA:121,0
DA:125,0
DA:130,0
DA:137,0
DA:138,0
DA:139,0
DA:140,0
DA:141,0
DA:142,0
DA:143,0
DA:145,0
DA:148,0
LF:49
LH:0
end_of_record
SF:lib/features/auth/presentation/pages/login_screen.dart
DA:7,1
DA:9,1
DA:10,1
DA:17,1
DA:19,2
DA:20,2
DA:21,1
DA:24,1
DA:27,3
DA:28,0
DA:29,0
DA:32,0
DA:33,0
DA:34,0
DA:35,0
DA:40,1
DA:42,1
DA:43,1
DA:44,2
DA:46,1
DA:47,1
DA:49,1
DA:52,1
DA:54,1
DA:55,1
DA:57,1
DA:63,1
DA:64,1
DA:65,1
DA:71,1
DA:72,1
DA:73,1
DA:80,1
DA:81,1
DA:83,1
DA:84,1
DA:85,5
DA:86,2
DA:87,2
DA:90,1
DA:91,1
DA:92,1
DA:94,1
DA:100,1
DA:101,0
DA:102,0
DA:104,1
DA:106,1
LF:48
LH:40
end_of_record
SF:lib/features/auth/presentation/view_model/auth_view_model.dart
DA:8,10
DA:9,1
DA:17,1
DA:19,4
DA:20,4
DA:21,4
DA:25,1
DA:32,3
DA:33,1
DA:41,2
DA:42,1
DA:43,1
DA:44,3
DA:46,1
DA:49,1
DA:51,3
DA:53,0
DA:62,1
DA:66,3
DA:67,1
DA:68,2
DA:69,1
DA:70,1
DA:71,3
DA:73,1
DA:76,1
DA:77,3
DA:86,0
DA:87,0
DA:89,0
DA:91,0
DA:92,0
DA:94,0
DA:96,0
LF:34
LH:26
end_of_record
SF:lib/features/auth/presentation/states/auth_state.dart
DA:11,2
DA:18,1
DA:23,1
DA:24,0
DA:25,1
DA:26,1
DA:29,1
DA:30,4
LF:8
LH:7
end_of_record
SF:lib/features/auth/domain/usecases/login_usecase.dart
DA:14,1
DA:19,1
DA:20,3
DA:25,3
DA:26,0
DA:27,0
DA:32,1
DA:36,1
DA:39,4
LF:9
LH:7
end_of_record
SF:lib/features/dashboard/presentation/pages/bottom/appointments_bottom_screen.dart
DA:7,1
DA:9,0
DA:11,0
DA:16,0
DA:18,0
DA:20,0
DA:21,0
DA:22,0
DA:23,0
DA:24,0
DA:25,0
DA:27,0
DA:30,0
DA:31,0
DA:33,0
DA:38,0
DA:39,0
DA:41,0
DA:46,0
DA:47,0
DA:49,0
DA:50,0
DA:53,0
DA:55,0
DA:57,0
DA:59,0
DA:75,0
DA:76,0
DA:78,0
DA:79,0
DA:80,0
DA:89,0
DA:90,0
DA:91,0
DA:94,0
DA:95,0
DA:96,0
DA:97,0
DA:98,0
DA:99,0
DA:101,0
LF:41
LH:1
end_of_record
SF:lib/features/dashboard/presentation/pages/bottom/home_bottom_screen.dart
DA:4,1
DA:6,1
DA:8,1
DA:11,1
DA:12,1
DA:14,1
DA:16,1
DA:45,1
DA:68,1
DA:69,1
DA:70,1
DA:71,1
DA:72,0
DA:75,1
DA:77,1
DA:78,1
DA:84,1
DA:85,1
DA:86,0
DA:89,1
DA:91,1
DA:92,1
DA:133,1
DA:135,1
DA:137,1
DA:139,1
DA:141,1
DA:144,1
DA:146,1
DA:147,2
DA:174,1
DA:180,1
DA:182,1
DA:183,1
DA:184,1
DA:185,1
DA:187,1
DA:190,1
DA:191,1
DA:193,1
DA:194,2
DA:196,2
DA:203,1
DA:204,1
DA:207,1
DA:209,1
DA:211,1
DA:213,1
DA:214,2
LF:49
LH:47
end_of_record
SF:lib/features/dashboard/presentation/pages/bottom/profile_bottom_screen.dart
DA:17,1
DA:19,1
DA:21,1
DA:31,1
DA:33,1
DA:34,2
DA:35,5
DA:39,1
DA:40,0
DA:42,0
DA:43,0
DA:49,1
DA:50,3
DA:51,3
DA:52,3
DA:54,2
DA:57,1
DA:59,3
DA:60,1
DA:62,2
DA:68,2
DA:69,1
DA:70,1
DA:71,1
DA:73,1
DA:76,2
DA:78,1
DA:79,0
DA:80,0
DA:90,1
DA:91,1
DA:92,1
DA:93,1
DA:94,1
DA:95,1
DA:104,1
DA:105,1
DA:106,1
DA:108,1
DA:117,1
DA:119,0
DA:120,0
DA:122,0
DA:123,0
DA:131,1
DA:133,1
DA:135,1
DA:143,1
DA:144,1
DA:145,1
DA:146,1
DA:148,1
DA:149,0
DA:150,0
DA:152,0
DA:153,0
DA:156,1
DA:159,1
DA:160,2
DA:161,1
DA:170,1
DA:171,1
DA:173,1
DA:174,1
DA:175,1
DA:181,1
DA:182,2
DA:189,1
DA:192,1
DA:193,1
DA:194,1
DA:226,1
DA:228,1
DA:229,1
DA:230,1
DA:232,1
DA:233,1
DA:236,1
DA:238,1
DA:241,1
DA:243,1
DA:246,1
DA:248,1
DA:251,2
DA:252,0
DA:255,1
DA:258,2
DA:260,1
DA:263,2
DA:264,0
DA:269,1
DA:271,1
DA:272,1
DA:273,1
DA:274,1
DA:275,1
DA:277,2
DA:278,0
DA:284,1
DA:285,1
DA:287,1
DA:300,1
DA:302,1
DA:303,0
DA:306,1
DA:307,1
DA:308,2
DA:309,1
DA:311,1
DA:312,1
DA:313,1
DA:318,2
DA:319,2
DA:320,1
DA:321,1
DA:326,1
DA:328,1
DA:329,0
DA:334,1
DA:336,1
DA:337,1
DA:344,0
DA:355,0
DA:356,0
DA:358,0
DA:359,0
DA:360,0
DA:369,0
DA:370,0
DA:371,0
DA:374,0
DA:375,0
DA:376,0
DA:377,0
DA:378,0
DA:379,0
DA:381,0
LF:137
LH:103
end_of_record
SF:lib/features/edit_profile/presentation/pages/edit_profile.dart
DA:8,1
DA:10,1
DA:11,1
DA:24,1
DA:26,1
DA:27,2
DA:28,5
DA:32,1
DA:34,2
DA:35,2
DA:36,2
DA:37,2
DA:38,2
DA:39,2
DA:40,2
DA:41,1
DA:44,1
DA:46,3
DA:49,4
DA:50,2
DA:51,2
DA:52,3
DA:54,0
DA:55,0
DA:56,0
DA:62,2
DA:63,3
DA:64,4
DA:65,4
DA:66,4
DA:67,4
DA:68,4
DA:69,4
DA:70,4
DA:73,4
DA:75,1
DA:76,1
DA:80,2
DA:82,1
DA:83,1
DA:84,1
DA:85,1
DA:86,1
DA:87,1
DA:91,1
DA:94,1
DA:95,1
DA:96,1
DA:100,1
DA:101,1
DA:108,1
DA:111,1
DA:112,1
DA:113,1
DA:117,1
DA:118,1
DA:125,1
DA:128,1
DA:129,1
DA:130,1
DA:137,1
DA:140,1
DA:141,1
DA:142,1
DA:147,0
DA:148,0
DA:150,0
DA:151,0
DA:152,0
DA:153,0
DA:156,0
DA:157,0
DA:162,1
DA:165,1
DA:166,3
DA:168,0
DA:169,1
DA:173,1
DA:174,3
DA:176,1
DA:178,1
DA:179,0
DA:181,0
DA:186,1
DA:189,1
DA:191,3
DA:192,1
DA:197,3
DA:199,1
DA:201,1
DA:202,0
DA:204,0
DA:209,1
DA:212,1
DA:213,1
DA:214,1
DA:221,1
DA:224,1
DA:226,1
DA:227,2
DA:229,1
DA:230,3
DA:231,1
DA:232,3
DA:233,1
DA:235,3
DA:237,3
DA:239,3
DA:241,3
DA:243,3
DA:244,3
DA:245,3
DA:249,1
DA:250,1
DA:251,2
DA:262,1
DA:265,1
LF:117
LH:101
end_of_record
SF:lib/features/edit_profile/presentation/states/profile_state.dart
DA:22,2
DA:30,1
DA:37,1
DA:38,0
DA:39,2
DA:40,2
DA:41,2
DA:42,2
DA:46,2
DA:47,2
DA:48,2
DA:49,2
DA:50,2
DA:51,2
DA:52,2
LF:15
LH:14
end_of_record
SF:lib/features/edit_profile/presentation/view_model/profile_view_model.dart
DA:9,6
DA:10,5
DA:18,1
DA:20,4
DA:21,4
DA:22,4
DA:27,1
DA:28,3
DA:31,2
DA:35,2
DA:37,3
DA:39,1
DA:44,2
DA:45,1
DA:46,1
DA:47,3
DA:49,2
DA:52,1
DA:53,2
DA:55,3
DA:56,2
DA:57,2
DA:58,1
DA:59,3
DA:61,1
DA:67,1
DA:68,2
DA:69,2
DA:72,3
DA:79,1
DA:88,3
DA:90,1
DA:91,3
DA:93,1
DA:98,2
DA:99,2
DA:101,1
DA:102,2
DA:103,1
DA:106,2
DA:114,2
DA:117,1
DA:118,1
DA:120,2
DA:123,2
DA:124,1
DA:125,1
DA:126,3
DA:128,2
DA:131,1
DA:132,2
DA:133,3
DA:135,1
DA:136,1
DA:137,1
DA:144,0
DA:145,0
DA:146,0
DA:152,0
DA:154,0
DA:155,0
DA:161,0
DA:162,0
DA:163,0
DA:169,0
DA:170,0
LF:66
LH:55
end_of_record
SF:lib/features/dashboard/presentation/widgets/info_card.dart
DA:8,1
DA:15,1
DA:17,1
DA:20,1
DA:22,1
DA:24,1
DA:26,1
DA:27,1
DA:29,1
DA:30,1
DA:31,1
DA:37,3
DA:41,1
LF:13
LH:13
end_of_record
SF:lib/features/dashboard/presentation/widgets/info_row.dart
DA:8,1
DA:15,1
DA:17,1
DA:19,1
DA:20,1
DA:21,2
DA:23,1
DA:25,1
DA:26,1
DA:27,1
DA:33,1
DA:34,1
LF:12
LH:12
end_of_record
SF:lib/features/dashboard/presentation/widgets/menu_tile.dart
DA:9,1
DA:17,1
DA:19,1
DA:21,1
DA:23,1
DA:25,1
DA:26,2
DA:27,2
DA:28,1
DA:30,1
DA:31,1
DA:32,1
DA:35,1
DA:36,2
DA:43,1
DA:44,1
DA:47,1
LF:17
LH:17
end_of_record
SF:lib/features/dashboard/presentation/widgets/mini_card.dart
DA:8,1
DA:15,1
DA:17,1
DA:19,1
DA:20,2
DA:21,1
DA:23,1
DA:25,1
DA:26,1
DA:27,1
DA:34,1
DA:35,1
DA:36,1
DA:37,1
LF:14
LH:14
end_of_record
SF:lib/features/dashboard/presentation/widgets/stat_item.dart
DA:7,1
DA:13,1
DA:15,1
DA:16,1
DA:17,1
DA:18,1
DA:24,1
DA:25,1
LF:8
LH:8
end_of_record
SF:lib/features/dashboard/presentation/pages/bottom/record_bottom_screen.dart
DA:4,1
DA:6,0
DA:8,0
DA:10,0
DA:11,0
DA:13,0
DA:14,0
DA:17,0
DA:20,0
DA:22,0
DA:28,0
DA:30,0
LF:12
LH:1
end_of_record
SF:lib/features/dashboard/presentation/pages/dashboard_screen.dart
DA:10,1
DA:12,1
DA:13,1
DA:27,1
DA:29,1
DA:30,1
DA:32,2
DA:33,1
DA:35,0
DA:42,0
DA:43,0
DA:44,0
DA:45,0
DA:46,0
DA:49,0
DA:50,0
DA:51,0
DA:77,1
DA:78,1
DA:79,1
DA:80,1
DA:81,1
DA:82,1
DA:83,0
DA:84,0
DA:85,0
DA:109,1
DA:110,3
DA:119,0
LF:29
LH:16
end_of_record
SF:lib/features/edit_profile/data/datasources/patient_remote_datasource.dart
DA:9,0
DA:10,0
DA:11,0
DA:17,0
DA:19,0
DA:20,0
DA:21,0
DA:24,0
DA:25,0
DA:26,0
DA:28,0
DA:32,0
DA:35,0
DA:42,0
DA:43,0
DA:44,0
DA:46,0
DA:47,0
DA:51,0
DA:52,0
DA:53,0
DA:57,0
DA:60,0
DA:61,0
DA:62,0
DA:64,0
DA:67,0
LF:27
LH:0
end_of_record
SF:lib/core/api/api_client.dart
DA:10,0
DA:11,0
DA:17,0
DA:18,0
DA:19,0
DA:23,0
DA:31,0
DA:34,0
DA:35,0
DA:36,0
DA:43,0
DA:45,0
DA:46,0
DA:47,0
DA:48,0
DA:55,0
DA:56,0
DA:68,0
DA:71,0
DA:76,0
DA:80,0
DA:86,0
DA:95,0
DA:101,0
DA:110,0
DA:116,0
DA:125,0
DA:131,0
DA:145,0
DA:151,0
DA:157,0
DA:158,0
DA:161,0
DA:162,0
DA:165,0
DA:167,0
DA:171,0
DA:174,0
DA:177,0
DA:179,0
DA:182,0
LF:41
LH:0
end_of_record
SF:lib/core/api/api_endpoints.dart
DA:2,0
DA:20,0
DA:26,0
DA:27,0
DA:30,0
DA:31,0
DA:35,0
DA:36,0
DA:40,0
DA:41,0
DA:42,0
LF:11
LH:0
end_of_record
SF:lib/features/edit_profile/data/models/patient_api_model.dart
DA:16,0
DA:29,0
DA:30,0
DA:31,0
DA:32,0
DA:33,0
DA:34,0
DA:35,0
DA:36,0
DA:37,0
DA:38,0
DA:39,0
DA:40,0
DA:44,0
DA:45,0
DA:46,0
DA:47,0
DA:50,0
DA:51,0
DA:52,0
DA:56,0
DA:57,0
DA:58,0
DA:59,0
DA:60,0
DA:65,0
DA:66,0
DA:67,0
DA:68,0
DA:69,0
DA:72,0
DA:73,0
DA:74,0
DA:75,0
DA:76,0
DA:77,0
DA:80,0
DA:81,0
DA:82,0
DA:83,0
DA:84,0
DA:85,0
LF:42
LH:0
end_of_record
SF:lib/features/edit_profile/domain/enitities/user_profile_entity.dart
DA:18,1
DA:34,1
DA:49,1
DA:50,1
DA:51,1
DA:52,1
DA:53,1
DA:54,1
DA:55,0
DA:56,0
DA:57,1
DA:58,1
DA:59,1
DA:60,1
DA:61,1
DA:62,1
DA:66,1
DA:67,1
DA:68,1
DA:69,1
DA:70,1
DA:71,1
DA:72,1
DA:73,1
DA:74,1
DA:75,1
DA:76,1
DA:77,1
DA:78,1
DA:79,1
DA:80,1
LF:31
LH:29
end_of_record
SF:lib/features/edit_profile/data/repositories/patient_repository_impl.dart
DA:12,0
DA:13,0
DA:14,0
DA:15,0
DA:22,0
DA:26,0
DA:28,0
DA:32,0
DA:34,0
DA:36,0
DA:40,0
DA:46,0
DA:50,0
DA:52,0
DA:53,0
DA:54,0
DA:55,0
DA:56,0
DA:57,0
DA:58,0
DA:59,0
DA:61,0
DA:66,0
DA:68,0
LF:24
LH:0
end_of_record
SF:lib/core/services/connectivity/network_info.dart
DA:10,0
DA:11,0
DA:17,0
DA:19,0
DA:21,0
DA:22,0
DA:29,0
DA:31,0
DA:32,0
DA:33,0
LF:10
LH:0
end_of_record
SF:lib/features/edit_profile/domain/usecases/get_patient_by_user_id_usecase.dart
DA:9,3
DA:10,0
DA:11,0
DA:18,1
DA:20,1
DA:22,2
LF:6
LH:4
end_of_record
SF:lib/features/edit_profile/domain/usecases/update_patient_usecase.dart
DA:16,1
DA:23,3
DA:24,0
DA:25,0
DA:32,0
DA:34,0
DA:36,0
DA:37,0
DA:38,0
DA:39,0
LF:10
LH:2
end_of_record
SF:lib/features/edit_profile/presentation/widgets/edit_profile_widgets.dart
DA:9,1
DA:11,1
DA:13,2
DA:14,2
DA:16,1
DA:17,1
DA:19,1
DA:20,1
DA:21,1
DA:23,1
DA:24,1
DA:25,2
DA:31,1
DA:34,1
DA:35,0
DA:40,1
DA:42,1
DA:43,3
DA:57,1
DA:58,0
DA:59,0
DA:60,0
DA:69,1
DA:70,1
DA:71,0
DA:72,2
DA:73,0
DA:74,0
DA:79,0
DA:84,0
DA:86,0
DA:87,0
DA:88,0
DA:89,0
DA:92,0
DA:93,0
DA:94,0
DA:96,0
DA:100,0
DA:103,0
DA:104,0
DA:105,0
DA:107,0
DA:118,1
DA:122,1
DA:124,1
DA:125,1
DA:126,1
DA:128,1
DA:129,1
LF:50
LH:28
end_of_record
SF:lib/core/services/storage/user_session_service.dart
DA:5,0
DA:6,0
DA:10,6
DA:11,0
DA:12,0
DA:28,0
DA:31,0
DA:40,0
DA:41,0
DA:42,0
DA:43,0
DA:44,0
DA:46,0
DA:49,0
DA:54,0
DA:55,0
DA:59,0
DA:60,0
DA:64,0
DA:65,0
DA:69,0
DA:70,0
DA:74,0
DA:75,0
DA:79,0
DA:80,0
DA:84,0
DA:85,0
DA:89,0
DA:90,0
DA:94,0
DA:95,0
DA:99,0
DA:100,0
DA:101,0
DA:102,0
DA:103,0
DA:104,0
DA:105,0
DA:106,0
DA:107,0
LF:41
LH:1
end_of_record
SF:lib/features/onboarding/presentation/pages/onboarding_screen.dart
DA:5,1
DA:7,1
DA:8,1
DA:36,1
DA:38,1
DA:40,1
DA:42,1
DA:43,2
DA:44,0
DA:45,0
DA:47,1
DA:48,1
DA:51,1
DA:53,1
DA:54,2
DA:59,1
DA:60,2
DA:69,1
DA:70,2
DA:81,1
DA:83,5
DA:84,0
DA:85,0
DA:86,0
DA:88,0
DA:93,1
DA:95,1
DA:96,1
DA:97,0
DA:98,0
DA:103,1
DA:104,4
DA:105,1
DA:107,2
DA:108,2
DA:109,1
DA:110,2
DA:117,1
DA:118,0
DA:119,0
LF:40
LH:30
end_of_record
SF:lib/features/splash/presentation/pages/splash_screen.dart
DA:8,0
DA:10,1
DA:11,1
DA:19,1
DA:21,1
DA:22,1
DA:25,1
DA:26,2
DA:27,2
DA:28,1
DA:29,2
DA:30,1
DA:35,1
DA:38,3
DA:39,1
DA:40,1
DA:48,1
DA:49,1
DA:50,2
DA:54,1
DA:55,1
DA:56,2
DA:65,1
DA:67,1
DA:73,1
DA:75,1
DA:76,1
DA:78,1
DA:81,1
DA:83,1
DA:85,1
DA:87,1
DA:90,1
DA:107,1
DA:111,1
DA:112,1
DA:113,1
DA:115,1
DA:116,1
DA:117,1
DA:118,1
DA:119,1
DA:120,1
DA:122,1
DA:131,1
DA:132,4
LF:46
LH:45
end_of_record
SF:lib/core/constants/hive_table_constant.dart
DA:2,0
LF:1
LH:0
end_of_record
SF:lib/core/services/hive/hive_service.dart
DA:6,0
DA:7,0
DA:11,0
DA:12,0
DA:13,0
DA:14,0
DA:15,0
DA:16,0
DA:20,0
DA:21,0
DA:22,0
DA:28,0
DA:29,0
DA:34,0
DA:35,0
DA:39,0
DA:40,0
DA:44,0
DA:45,0
DA:47,0
DA:48,0
DA:53,0
DA:54,0
DA:55,0
DA:57,0
DA:58,0
DA:63,0
DA:65,0
DA:66,0
DA:70,0
DA:71,0
DA:72,0
DA:74,0
LF:33
LH:0
end_of_record
SF:lib/features/auth/data/models/auth_hive_model.dart
DA:25,0
DA:33,0
DA:35,0
DA:36,0
DA:37,0
DA:38,0
DA:39,0
DA:40,0
DA:41,0
DA:42,0
DA:43,0
DA:47,0
DA:48,0
DA:49,0
DA:50,0
DA:51,0
DA:52,0
DA:53,0
DA:54,0
DA:55,0
DA:59,0
DA:60,0
LF:22
LH:0
end_of_record
SF:lib/features/auth/data/models/auth_hive_model.g.dart
DA:13,0
DA:15,0
DA:16,0
DA:17,0
DA:19,0
DA:20,0
DA:21,0
DA:22,0
DA:23,0
DA:24,0
DA:25,0
DA:26,0
DA:30,0
DA:33,0
DA:34,0
DA:35,0
DA:36,0
DA:37,0
DA:38,0
DA:39,0
DA:40,0
DA:41,0
DA:42,0
DA:43,0
DA:44,0
DA:45,0
DA:46,0
DA:47,0
DA:50,0
DA:51,0
DA:53,0
DA:56,0
DA:57,0
DA:58,0
LF:34
LH:0
end_of_record
SF:lib/features/auth/data/models/auth_api_model.dart
DA:11,0
DA:21,0
DA:24,0
DA:25,0
DA:26,0
DA:27,0
DA:28,0
DA:29,0
DA:30,0
DA:31,0
DA:32,0
DA:33,0
DA:34,0
DA:39,0
DA:40,0
DA:41,0
DA:42,0
DA:44,0
DA:45,0
DA:46,0
DA:47,0
DA:48,0
DA:49,0
DA:54,0
DA:55,0
DA:56,0
DA:57,0
DA:58,0
DA:59,0
DA:60,0
DA:61,0
DA:66,0
DA:67,0
DA:68,0
DA:69,0
DA:70,0
DA:71,0
DA:72,0
DA:77,0
DA:78,0
LF:40
LH:0
end_of_record
SF:lib/features/auth/data/datasources/local/auth_local_datasource.dart
DA:7,0
DA:8,0
DA:9,0
DA:10,0
DA:20,0
DA:26,0
DA:29,0
DA:32,0
DA:35,0
DA:36,0
DA:38,0
DA:42,0
DA:45,0
DA:48,0
DA:49,0
DA:50,0
DA:51,0
DA:52,0
DA:53,0
DA:54,0
DA:59,0
DA:63,0
DA:66,0
DA:67,0
DA:68,0
DA:70,0
DA:75,0
DA:77,0
LF:28
LH:0
end_of_record
SF:lib/features/auth/data/datasources/remote/auth_remote_datasource.dart
DA:10,0
DA:11,0
DA:12,0
DA:13,0
DA:20,0
DA:26,0
DA:29,0
DA:32,0
DA:34,0
DA:36,0
DA:42,0
DA:43,0
DA:44,0
DA:47,0
DA:48,0
DA:49,0
DA:50,0
DA:51,0
DA:52,0
DA:53,0
DA:61,0
DA:63,0
DA:65,0
DA:68,0
DA:69,0
DA:70,0
LF:26
LH:0
end_of_record
SF:lib/features/auth/presentation/pages/signup_screen.dart
DA:7,1
DA:9,1
DA:10,1
DA:21,1
DA:23,2
DA:24,2
DA:25,2
DA:26,2
DA:27,2
DA:28,1
DA:31,1
DA:32,5
DA:33,3
DA:36,1
DA:39,3
DA:40,0
DA:41,0
DA:44,0
DA:45,0
DA:46,0
DA:47,0
DA:52,1
DA:53,1
DA:54,1
DA:55,1
DA:56,2
DA:58,1
DA:59,1
DA:64,1
DA:66,1
DA:67,1
DA:68,1
DA:72,1
DA:73,1
DA:74,1
DA:80,1
DA:81,1
DA:82,1
DA:88,1
DA:89,1
DA:90,1
DA:97,1
DA:98,1
DA:99,1
DA:101,1
DA:104,3
DA:105,0
DA:110,1
DA:111,1
DA:113,1
DA:114,1
DA:116,1
DA:117,2
DA:125,5
DA:126,3
DA:127,3
DA:128,3
DA:129,2
DA:132,1
DA:133,1
DA:134,1
DA:136,1
DA:142,1
DA:143,1
DA:144,0
DA:145,0
LF:66
LH:57
end_of_record
